<?xml version="1.0" encoding="UTF-8"?>
<!-- Generated by org.testng.reporters.JUnitXMLReporter -->
<testsuite ignored="1" hostname="DESKTOP-SSF70G1" failures="0" tests="3" name="Default test" time="0.275" errors="0" timestamp="2024-08-07T11:16:04 IST">
  <testcase classname="com.Amazokart.generic.common.BaseClass" name="@BeforeClass browserSetup" time="-1.723009563877E9">
    <failure type="org.testng.TestNGException" message="
Parameter &amp;apos;browser&amp;apos; is required by BeforeClass on method browserSetup but has not been marked @Optional or defined
in C:\Users\HP\AppData\Local\Temp\testng-eclipse--1770130477\testng-customsuite.xml">
      <![CDATA[org.testng.TestNGException: 
Parameter 'browser' is required by BeforeClass on method browserSetup but has not been marked @Optional or defined
in C:\Users\HP\AppData\Local\Temp\testng-eclipse--1770130477\testng-customsuite.xml
at org.testng.internal.Parameters.createParams(Parameters.java:270)
at org.testng.internal.Parameters.createParametersForMethod(Parameters.java:358)
at org.testng.internal.Parameters.createParameters(Parameters.java:700)
at org.testng.internal.Parameters.createConfigurationParameters(Parameters.java:168)
at org.testng.internal.ConfigInvoker.invokeConfigurations(ConfigInvoker.java:302)
at org.testng.internal.TestMethodWorker.invokeBeforeClassMethods(TestMethodWorker.java:176)
at org.testng.internal.TestMethodWorker.run(TestMethodWorker.java:122)
at java.base/java.util.ArrayList.forEach(ArrayList.java:1511)
at org.testng.TestRunner.privateRun(TestRunner.java:794)
at org.testng.TestRunner.run(TestRunner.java:596)
at org.testng.SuiteRunner.runTest(SuiteRunner.java:377)
at org.testng.SuiteRunner.runSequentially(SuiteRunner.java:371)
at org.testng.SuiteRunner.privateRun(SuiteRunner.java:332)
at org.testng.SuiteRunner.run(SuiteRunner.java:276)
at org.testng.SuiteRunnerWorker.runSuite(SuiteRunnerWorker.java:53)
at org.testng.SuiteRunnerWorker.run(SuiteRunnerWorker.java:96)
at org.testng.TestNG.runSuitesSequentially(TestNG.java:1212)
at org.testng.TestNG.runSuitesLocally(TestNG.java:1134)
at org.testng.TestNG.runSuites(TestNG.java:1063)
at org.testng.TestNG.run(TestNG.java:1031)
at org.testng.remote.AbstractRemoteTestNG.run(AbstractRemoteTestNG.java:115)
at org.testng.remote.RemoteTestNG.initAndRun(RemoteTestNG.java:251)
at org.testng.remote.RemoteTestNG.main(RemoteTestNG.java:77)
]]>
    </failure>
  </testcase> <!-- @BeforeClass browserSetup -->
  <testcase classname="com.Amazokart.generic.common.BaseClass" name="@BeforeMethod login" time="-1.723009563926E9">
    <skipped/>
  </testcase> <!-- @BeforeMethod login -->
  <testcase classname="com.Amazokart.generic.common.BaseClass" name="@AfterMethod Logout" time="-1.723009563943E9">
    <skipped/>
  </testcase> <!-- @AfterMethod Logout -->
  <testcase classname="com.Amazokart.generic.common.BaseClass" name="@BeforeMethod login" time="-1.723009563977E9">
    <skipped/>
  </testcase> <!-- @BeforeMethod login -->
  <testcase classname="com.Amazokart.generic.common.BaseClass" name="@AfterMethod Logout" time="-1.723009564076E9">
    <skipped/>
  </testcase> <!-- @AfterMethod Logout -->
  <testcase classname="com.Amazokart.generic.common.BaseClass" name="@BeforeMethod login" time="-1.723009564085E9">
    <skipped/>
  </testcase> <!-- @BeforeMethod login -->
  <testcase classname="com.Amazokart.generic.common.BaseClass" name="@AfterMethod Logout" time="-1.723009564108E9">
    <skipped/>
  </testcase> <!-- @AfterMethod Logout -->
  <testcase classname="com.Amazokart.generic.common.BaseClass" name="@AfterClass closebrowser" time="-1.723009564113E9">
    <skipped/>
  </testcase> <!-- @AfterClass closebrowser -->
  <testcase classname="com.Amokart.registertest.RegisterTest" name="createUser_invalidData" time="0.0">
    <skipped/>
  </testcase> <!-- createUser_invalidData -->
  <testcase classname="com.Amokart.registertest.RegisterTest" name="createUser_invalidData" time="0.0">
    <skipped/>
  </testcase> <!-- createUser_invalidData -->
  <testcase classname="com.Amokart.registertest.RegisterTest" name="createUser_invalidData" time="0.0">
    <skipped/>
  </testcase> <!-- createUser_invalidData -->
  <testcase classname="com.Amokart.registertest.RegisterTest" name="createUser_validData" time="0.0">
    <ignored/>
  </testcase> <!-- createUser_validData -->
</testsuite> <!-- Default test -->
